2026-04-26 23:18:45,357 - data_preprocessing - DEBUG - Data loaded properly
2026-04-26 23:18:45,357 - data_preprocessing - DEBUG - Starting preprocessing for DataFrame
2026-04-26 23:18:45,373 - data_preprocessing - DEBUG - Target column encoded
2026-04-26 23:18:45,390 - data_preprocessing - DEBUG - Duplicates removed
2026-04-26 23:18:45,390 - data_preprocessing - ERROR - Error during text normalization: 
**********************************************************************
  Resource 'punkt_tab' not found.
  Please use the NLTK Downloader to obtain the resource:

  >>> import nltk
  >>> nltk.download('punkt_tab')

  For more information see: https://www.nltk.org/data.html

  Attempted to load 'tokenizers/punkt_tab/english/'

  Searched in:
    - 'C:\\Users\\gsrim/nltk_data'
    - 'C:\\python\\nltk_data'
    - 'C:\\python\\share\\nltk_data'
    - 'C:\\python\\lib\\nltk_data'
    - 'C:\\Users\\gsrim\\AppData\\Roaming\\nltk_data'
    - 'C:\\nltk_data'
    - 'D:\\nltk_data'
    - 'E:\\nltk_data'
**********************************************************************

2026-04-26 23:18:45,390 - data_preprocessing - ERROR - Failed to complete the data transformation process: 
**********************************************************************
  Resource 'punkt_tab' not found.
  Please use the NLTK Downloader to obtain the resource:

  >>> import nltk
  >>> nltk.download('punkt_tab')

  For more information see: https://www.nltk.org/data.html

  Attempted to load 'tokenizers/punkt_tab/english/'

  Searched in:
    - 'C:\\Users\\gsrim/nltk_data'
    - 'C:\\python\\nltk_data'
    - 'C:\\python\\share\\nltk_data'
    - 'C:\\python\\lib\\nltk_data'
    - 'C:\\Users\\gsrim\\AppData\\Roaming\\nltk_data'
    - 'C:\\nltk_data'
    - 'D:\\nltk_data'
    - 'E:\\nltk_data'
**********************************************************************

2026-04-26 23:18:50,647 - data_preprocessing - DEBUG - Data loaded properly
2026-04-26 23:18:50,647 - data_preprocessing - DEBUG - Starting preprocessing for DataFrame
2026-04-26 23:18:50,657 - data_preprocessing - DEBUG - Target column encoded
2026-04-26 23:18:50,662 - data_preprocessing - DEBUG - Duplicates removed
2026-04-26 23:18:50,666 - data_preprocessing - ERROR - Error during text normalization: 
**********************************************************************
  Resource 'punkt_tab' not found.
  Please use the NLTK Downloader to obtain the resource:

  >>> import nltk
  >>> nltk.download('punkt_tab')

  For more information see: https://www.nltk.org/data.html

  Attempted to load 'tokenizers/punkt_tab/english/'

  Searched in:
    - 'C:\\Users\\gsrim/nltk_data'
    - 'C:\\python\\nltk_data'
    - 'C:\\python\\share\\nltk_data'
    - 'C:\\python\\lib\\nltk_data'
    - 'C:\\Users\\gsrim\\AppData\\Roaming\\nltk_data'
    - 'C:\\nltk_data'
    - 'D:\\nltk_data'
    - 'E:\\nltk_data'
**********************************************************************

2026-04-26 23:18:50,666 - data_preprocessing - ERROR - Failed to complete the data transformation process: 
**********************************************************************
  Resource 'punkt_tab' not found.
  Please use the NLTK Downloader to obtain the resource:

  >>> import nltk
  >>> nltk.download('punkt_tab')

  For more information see: https://www.nltk.org/data.html

  Attempted to load 'tokenizers/punkt_tab/english/'

  Searched in:
    - 'C:\\Users\\gsrim/nltk_data'
    - 'C:\\python\\nltk_data'
    - 'C:\\python\\share\\nltk_data'
    - 'C:\\python\\lib\\nltk_data'
    - 'C:\\Users\\gsrim\\AppData\\Roaming\\nltk_data'
    - 'C:\\nltk_data'
    - 'D:\\nltk_data'
    - 'E:\\nltk_data'
**********************************************************************

2026-04-26 23:18:55,017 - data_preprocessing - DEBUG - Data loaded properly
2026-04-26 23:18:55,017 - data_preprocessing - DEBUG - Starting preprocessing for DataFrame
2026-04-26 23:18:55,020 - data_preprocessing - DEBUG - Target column encoded
2026-04-26 23:18:55,024 - data_preprocessing - DEBUG - Duplicates removed
2026-04-26 23:18:55,033 - data_preprocessing - ERROR - Error during text normalization: 
**********************************************************************
  Resource 'punkt_tab' not found.
  Please use the NLTK Downloader to obtain the resource:

  >>> import nltk
  >>> nltk.download('punkt_tab')

  For more information see: https://www.nltk.org/data.html

  Attempted to load 'tokenizers/punkt_tab/english/'

  Searched in:
    - 'C:\\Users\\gsrim/nltk_data'
    - 'C:\\python\\nltk_data'
    - 'C:\\python\\share\\nltk_data'
    - 'C:\\python\\lib\\nltk_data'
    - 'C:\\Users\\gsrim\\AppData\\Roaming\\nltk_data'
    - 'C:\\nltk_data'
    - 'D:\\nltk_data'
    - 'E:\\nltk_data'
**********************************************************************

2026-04-26 23:18:55,033 - data_preprocessing - ERROR - Failed to complete the data transformation process: 
**********************************************************************
  Resource 'punkt_tab' not found.
  Please use the NLTK Downloader to obtain the resource:

  >>> import nltk
  >>> nltk.download('punkt_tab')

  For more information see: https://www.nltk.org/data.html

  Attempted to load 'tokenizers/punkt_tab/english/'

  Searched in:
    - 'C:\\Users\\gsrim/nltk_data'
    - 'C:\\python\\nltk_data'
    - 'C:\\python\\share\\nltk_data'
    - 'C:\\python\\lib\\nltk_data'
    - 'C:\\Users\\gsrim\\AppData\\Roaming\\nltk_data'
    - 'C:\\nltk_data'
    - 'D:\\nltk_data'
    - 'E:\\nltk_data'
**********************************************************************

2026-04-26 23:21:52,596 - data_preprocessing - DEBUG - Data loaded properly
2026-04-26 23:21:52,600 - data_preprocessing - DEBUG - Starting preprocessing for DataFrame
2026-04-26 23:21:52,600 - data_preprocessing - DEBUG - Target column encoded
2026-04-26 23:21:52,604 - data_preprocessing - DEBUG - Duplicates removed
2026-04-26 23:21:52,611 - data_preprocessing - ERROR - Error during text normalization: 
**********************************************************************
  Resource 'punkt_tab' not found.
  Please use the NLTK Downloader to obtain the resource:

  >>> import nltk
  >>> nltk.download('punkt_tab')

  For more information see: https://www.nltk.org/data.html

  Attempted to load 'tokenizers/punkt_tab/english/'

  Searched in:
    - 'C:\\Users\\gsrim/nltk_data'
    - 'C:\\python\\nltk_data'
    - 'C:\\python\\share\\nltk_data'
    - 'C:\\python\\lib\\nltk_data'
    - 'C:\\Users\\gsrim\\AppData\\Roaming\\nltk_data'
    - 'C:\\nltk_data'
    - 'D:\\nltk_data'
    - 'E:\\nltk_data'
**********************************************************************

2026-04-26 23:21:52,611 - data_preprocessing - ERROR - Failed to complete the data transformation process: 
**********************************************************************
  Resource 'punkt_tab' not found.
  Please use the NLTK Downloader to obtain the resource:

  >>> import nltk
  >>> nltk.download('punkt_tab')

  For more information see: https://www.nltk.org/data.html

  Attempted to load 'tokenizers/punkt_tab/english/'

  Searched in:
    - 'C:\\Users\\gsrim/nltk_data'
    - 'C:\\python\\nltk_data'
    - 'C:\\python\\share\\nltk_data'
    - 'C:\\python\\lib\\nltk_data'
    - 'C:\\Users\\gsrim\\AppData\\Roaming\\nltk_data'
    - 'C:\\nltk_data'
    - 'D:\\nltk_data'
    - 'E:\\nltk_data'
**********************************************************************

2026-04-26 23:29:44,222 - data_preprocessing - DEBUG - Data loaded properly
2026-04-26 23:29:44,223 - data_preprocessing - DEBUG - Starting preprocessing for DataFrame
2026-04-26 23:29:44,227 - data_preprocessing - DEBUG - Target column encoded
2026-04-26 23:29:44,232 - data_preprocessing - DEBUG - Duplicates removed
2026-04-26 23:29:44,236 - data_preprocessing - ERROR - Error during text normalization: 
**********************************************************************
  Resource 'punkt_tab' not found.
  Please use the NLTK Downloader to obtain the resource:

  >>> import nltk
  >>> nltk.download('punkt_tab')

  For more information see: https://www.nltk.org/data.html

  Attempted to load 'tokenizers/punkt_tab/english/'

  Searched in:
    - 'C:\\Users\\gsrim/nltk_data'
    - 'C:\\python\\nltk_data'
    - 'C:\\python\\share\\nltk_data'
    - 'C:\\python\\lib\\nltk_data'
    - 'C:\\Users\\gsrim\\AppData\\Roaming\\nltk_data'
    - 'C:\\nltk_data'
    - 'D:\\nltk_data'
    - 'E:\\nltk_data'
**********************************************************************

2026-04-26 23:29:44,237 - data_preprocessing - ERROR - Failed to complete the data transformation process: 
**********************************************************************
  Resource 'punkt_tab' not found.
  Please use the NLTK Downloader to obtain the resource:

  >>> import nltk
  >>> nltk.download('punkt_tab')

  For more information see: https://www.nltk.org/data.html

  Attempted to load 'tokenizers/punkt_tab/english/'

  Searched in:
    - 'C:\\Users\\gsrim/nltk_data'
    - 'C:\\python\\nltk_data'
    - 'C:\\python\\share\\nltk_data'
    - 'C:\\python\\lib\\nltk_data'
    - 'C:\\Users\\gsrim\\AppData\\Roaming\\nltk_data'
    - 'C:\\nltk_data'
    - 'D:\\nltk_data'
    - 'E:\\nltk_data'
**********************************************************************

2026-04-26 23:31:15,530 - data_preprocessing - DEBUG - Data loaded properly
2026-04-26 23:31:15,530 - data_preprocessing - DEBUG - Starting preprocessing for DataFrame
2026-04-26 23:31:15,531 - data_preprocessing - DEBUG - Target column encoded
2026-04-26 23:31:15,535 - data_preprocessing - DEBUG - Duplicates removed
2026-04-26 23:32:41,727 - data_preprocessing - DEBUG - Text column transformed
2026-04-26 23:32:41,727 - data_preprocessing - DEBUG - Starting preprocessing for DataFrame
2026-04-26 23:32:41,727 - data_preprocessing - DEBUG - Target column encoded
2026-04-26 23:32:41,727 - data_preprocessing - DEBUG - Duplicates removed
2026-04-26 23:33:11,836 - data_preprocessing - DEBUG - Text column transformed
2026-04-26 23:33:11,860 - data_preprocessing - DEBUG - Processed data saved to ./data\interim
2026-04-26 23:37:39,134 - data_preprocessing - ERROR - Failed to complete the data transformation process: read_csv() got an unexpected keyword argument 'index'
2026-04-26 23:38:03,870 - data_preprocessing - DEBUG - Data loaded properly
2026-04-26 23:38:03,870 - data_preprocessing - DEBUG - Starting preprocessing for DataFrame
2026-04-26 23:38:03,870 - data_preprocessing - DEBUG - Target column encoded
2026-04-26 23:38:03,875 - data_preprocessing - DEBUG - Duplicates removed
2026-04-26 23:39:02,767 - data_preprocessing - DEBUG - Text column transformed
2026-04-26 23:39:02,782 - data_preprocessing - DEBUG - Starting preprocessing for DataFrame
2026-04-26 23:39:02,782 - data_preprocessing - DEBUG - Target column encoded
2026-04-26 23:39:02,782 - data_preprocessing - DEBUG - Duplicates removed
2026-04-27 07:13:08,791 - data_preprocessing - DEBUG - Data loaded properly
2026-04-27 07:13:08,791 - data_preprocessing - DEBUG - Starting preprocessing for DataFrame
2026-04-27 07:13:08,791 - data_preprocessing - DEBUG - Target column encoded
2026-04-27 07:13:08,806 - data_preprocessing - DEBUG - Duplicates removed
2026-04-27 07:14:15,869 - data_preprocessing - DEBUG - Text column transformed
2026-04-27 07:14:15,869 - data_preprocessing - DEBUG - Starting preprocessing for DataFrame
2026-04-27 07:14:15,869 - data_preprocessing - DEBUG - Target column encoded
2026-04-27 07:14:15,885 - data_preprocessing - DEBUG - Duplicates removed
2026-04-27 07:14:32,174 - data_preprocessing - DEBUG - Text column transformed
2026-04-27 07:14:32,264 - data_preprocessing - DEBUG - Processed data saved to ./data\interim
