2026-04-17 23:12:30,114 - data_ingestion - ERROR - File not found: params.yaml
2026-04-17 23:12:30,114 - data_ingestion - ERROR - Failed to complete the data ingestion process: [Errno 2] No such file or directory: 'params.yaml'
2026-04-17 23:13:30,264 - data_ingestion - ERROR - File not found: params.yaml
2026-04-17 23:13:30,264 - data_ingestion - ERROR - Failed to complete the data ingestion process: [Errno 2] No such file or directory: 'params.yaml'
2026-04-17 23:15:48,581 - data_ingestion - ERROR - File not found: params.yaml
2026-04-17 23:15:48,582 - data_ingestion - ERROR - Failed to complete the data ingestion process: [Errno 2] No such file or directory: 'params.yaml'
2026-04-26 20:42:05,143 - data_ingestion - DEBUG - Data loaded from https://raw.githubusercontent.com/vikashishere/Datasets/main/spam.csv
2026-04-26 20:42:05,178 - data_ingestion - DEBUG - Data preprocessing completed
2026-04-26 20:42:05,605 - data_ingestion - DEBUG - Train and test data saved to ./data\raw
2026-04-26 20:42:05,605 - data_ingestion - INFO - Data ingestion pipeline completed successfully
2026-04-29 21:53:25,333 - data_ingestion - DEBUG - Data loaded from https://raw.githubusercontent.com/vikashishere/Datasets/main/spam.csv
2026-04-29 21:53:25,345 - data_ingestion - DEBUG - Data preprocessing completed
2026-04-29 21:53:25,387 - data_ingestion - DEBUG - Train and test data saved to ./data\raw
2026-04-29 21:53:25,388 - data_ingestion - INFO - Data ingestion pipeline completed successfully
2026-04-29 21:56:34,521 - data_ingestion - DEBUG - Data loaded from https://raw.githubusercontent.com/vikashishere/Datasets/main/spam.csv
2026-04-29 21:56:34,522 - data_ingestion - DEBUG - Data preprocessing completed
2026-04-29 21:56:34,580 - data_ingestion - DEBUG - Train and test data saved to ./data\raw
2026-04-29 21:56:34,581 - data_ingestion - INFO - Data ingestion pipeline completed successfully
2026-04-29 22:20:30,763 - data_ingestion - DEBUG - Data loaded from https://raw.githubusercontent.com/vikashishere/Datasets/main/spam.csv
2026-04-29 22:20:30,763 - data_ingestion - DEBUG - Data preprocessing completed
2026-04-29 22:20:30,779 - data_ingestion - DEBUG - Train and test data saved to ./data\raw
2026-04-29 22:20:30,779 - data_ingestion - INFO - Data ingestion pipeline completed successfully
